This is TeXk, Version 3.14159265 (TeX Live 2020/Arch Linux) (preloaded format=tex 2020.7.10)  20 JUL 2020 17:44
 restricted \write18 enabled.
 %&-line parsing enabled.
**&tex

*\exit
! Undefined control sequence.
<*> \exit
         
? \end
Type <return> to proceed, S to scroll future error messages,
R to run without stopping, Q to run quietly,
I to insert something, 
1 or ... or 9 to ignore the next 1 to 9 tokens of input,
H for help, X to quit.
? 

*
! Interruption.
<*> 
    
? 
(Please type a command or say `\end')
*\end
No pages of output.
